*** Note: this file is deprecated and might not contain all the output information. ***
*** It will be removed in future versions of SourceSpec. ***
*** Please look at the YAML file in this directory. ***
1c2e414e-6af9-4bda-b11e-0ca202a888b2 lon    1.435 lat  42.528 depth   0.0 km orig_time 2022-02-01T02:23:34.866932Z

*** Station source parameters ***
*** Note: outliers are prepended by a star (*) symbol ***
 FR.PAND.00.HHH broadb	  Mw  1.433   fc 20.271   t_star  0.040   Qo    67.6   Mo 1.777e+11   bsd 2.924e-01   ra   64.299   hyp_dist   9.326   az  92.995   Er 4.320e+05 
            --- errmin	  Mw  0.061   fc 64.889   t_star  0.039   Qo    33.1   Mo 3.365e+10   bsd 2.924e-01   ra   48.993   hyp_dist     nan   az     nan   Er       nan 
            --- errmax	  Mw  0.061   fc 64.889   t_star  0.039   Qo  1594.9   Mo 4.152e+10   bsd 2.645e+01   ra 1565.766   hyp_dist     nan   az     nan   Er       nan 

*** Average source parameters ***
*** Note: averages computed after removing outliers ****
Mw: 1.43 +/- 0.00
Mw (weighted): 1.43 +/- 0.00
Mo: 1.777e+11 +/- 0.000e+00 N·m
Mo (weighted): 1.777e+11 +/- 7.324e-04 N·m
fc: 20.271 +/- 0.000 Hz
fc (weighted): 20.271 +/- 0.000 Hz
t_star: 0.040 +/- 0.000 s
t_star (weighted): 0.040 +/- 0.000 s
Qo: 67.6 +/- 0.0
Qo (weighted): 67.6 +/- 0.0
Source radius: 64.299 +/- 0.000 m
Source radius (weighted): 64.299 +/- 0.000 m
Brune stress drop: 2.924e-01 +/- 0.000e+00 MPa
Brune stress drop (weighted): 2.924e-01 +/- 0.000e+00 MPa
Ml: 0.995 +/- 0.000
Er: 4.320e+05 +/- 0.000e+00 N·m

*** SourceSpec: 1.7
*** Run completed on: 2024-02-24 13:48:00.405129 CET
*** Author: SurfQuakeCore <https://projectisp.github.io/ISP_tutorial.github.io/>
*** Agency: Spanish Navy Observatory (ROA) - https://armada.defensa.gob.es/ArmadaPortal/page/Portal/ArmadaEspannola/cienciaobservatorio/prefLang-es/02InfoGeneral