*** Note: this file is deprecated and might not contain all the output information. ***
*** It will be removed in future versions of SourceSpec. ***
*** Please look at the YAML file in this directory. ***
5e1f3e3c-34ca-4957-9048-dc008d426298 lon    1.473 lat  42.500 depth   6.2 km orig_time 2022-02-01T02:23:34.412547Z

*** Station source parameters ***
*** Note: outliers are prepended by a star (*) symbol ***
 FR.PAND.00.HHH broadb	  Mw  1.448   fc 20.705   t_star  0.037   Qo    85.3   Mo 1.873e+11   bsd 3.285e-01   ra   62.950   hyp_dist  10.391   az  66.654   Er 5.137e+05 
            --- errmin	  Mw  0.060   fc 67.204   t_star  0.038   Qo    43.1   Mo 3.531e+10   bsd 3.285e-01   ra   48.123   hyp_dist     nan   az     nan   Er       nan 
            --- errmax	  Mw  0.060   fc 67.204   t_star  0.038   Qo  3082.2   Mo 4.351e+10   bsd 3.065e+01   ra 1567.115   hyp_dist     nan   az     nan   Er       nan 

*** Average source parameters ***
*** Note: averages computed after removing outliers ****
Mw: 1.45 +/- 0.00
Mw (weighted): 1.45 +/- 0.00
Mo: 1.873e+11 +/- 0.000e+00 N·m
Mo (weighted): 1.873e+11 +/- 0.000e+00 N·m
fc: 20.705 +/- 0.000 Hz
fc (weighted): 20.705 +/- 0.000 Hz
t_star: 0.037 +/- 0.000 s
t_star (weighted): 0.037 +/- 0.000 s
Qo: 85.3 +/- 0.0
Qo (weighted): 85.3 +/- 0.0
Source radius: 62.950 +/- 0.000 m
Source radius (weighted): 62.950 +/- 0.000 m
Brune stress drop: 3.285e-01 +/- 0.000e+00 MPa
Brune stress drop (weighted): 3.285e-01 /- 5.551e-17 /+ 0.000e+00 MPa
Ml: 0.480 +/- 0.000
Er: 5.137e+05 +/- 0.000e+00 N·m

*** SourceSpec: 1.7
*** Run completed on: 2024-02-29 14:44:22.388510 CET
*** Author: SurfQuakeCore <https://projectisp.github.io/ISP_tutorial.github.io/>
*** Agency: Spanish Navy Observatory (ROA) - https://armada.defensa.gob.es/ArmadaPortal/page/Portal/ArmadaEspannola/cienciaobservatorio/prefLang-es/02InfoGeneral