*** Note: this file is deprecated and might not contain all the output information. ***
*** It will be removed in future versions of SourceSpec. ***
*** Please look at the YAML file in this directory. ***
dc2ca744-3140-4e29-8551-a9591442d500 lon   -3.699 lat  37.199 depth   3.3 km orig_time 2021-01-26T21:54:55.227870Z

*** Station source parameters ***
*** Note: outliers are prepended by a star (*) symbol ***
  ES.E0802..HHH broadb	  Mw  3.834   fc  1.695   t_star  0.029   Qo  1009.1   Mo 7.108e+14   bsd 1.202e+00   ra  637.142   hyp_dist  96.216   az  17.194   Er 1.199e+10 
            --- errmin	  Mw  0.400   fc  0.924   t_star  0.016   Qo   317.8   Mo 5.322e+14   bsd 1.174e+00   ra  373.092   hyp_dist     nan   az     nan   Er       nan 
            --- errmax	  Mw  0.000   fc  2.395   t_star  0.013   Qo  1242.2   Mo 0.000e+00   bsd 1.569e+01   ra  764.116   hyp_dist     nan   az     nan   Er       nan 
   ES.EADA..HHH broadb	  Mw  3.614   fc  2.573   t_star  0.046   Qo   855.0   Mo 3.321e+14   bsd 1.964e+00   ra  419.786   hyp_dist 132.534   az 324.502   Er 8.354e+09 
            --- errmin	  Mw  0.207   fc  1.228   t_star  0.023   Qo   257.8   Mo 1.696e+14   bsd 1.827e+00   ra  228.912   hyp_dist     nan   az     nan   Er       nan 
            --- errmax	  Mw  0.166   fc  3.085   t_star  0.020   Qo   819.0   Mo 2.563e+14   bsd 3.505e+01   ra  383.569   hyp_dist     nan   az     nan   Er       nan 
   ES.EALB..HHH broadb	  Mw  3.893   fc  1.344   t_star  0.103   Qo   431.6   Mo 8.698e+14   bsd 7.340e-01   ra  803.355   hyp_dist 151.888   az 156.721  *Er       nan 
            --- errmin	  Mw  0.133   fc  0.642   t_star  0.048   Qo   132.5   Mo 3.209e+14   bsd 6.679e-01   ra  420.742   hyp_dist     nan   az     nan  *Er       nan 
            --- errmax	  Mw  0.089   fc  1.478   t_star  0.045   Qo   381.3   Mo 3.125e+14   bsd 8.501e+00   ra  734.044   hyp_dist     nan   az     nan  *Er       nan 
   ES.EBER..HHH broadb	  Mw  4.007   fc  1.695   t_star  0.080   Qo   295.9   Mo 1.292e+15   bsd 2.185e+00   ra  637.142   hyp_dist  79.547   az 114.629   Er 4.120e+10 
            --- errmin	  Mw  0.182   fc  0.888   t_star  0.036   Qo    89.7   Mo 6.036e+14   bsd 2.059e+00   ra  360.562   hyp_dist     nan   az     nan   Er       nan 
            --- errmax	  Mw  0.122   fc  2.210   t_star  0.035   Qo   243.9   Mo 6.739e+14   bsd 3.846e+01   ra  700.636   hyp_dist     nan   az     nan   Er       nan 
   ES.ECAB..HHH broadb	  Mw  3.622   fc  1.775   t_star  0.054   Qo   957.7   Mo 3.415e+14   bsd 6.638e-01   ra  608.278   hyp_dist 180.292   az 303.185   Er 3.285e+09 
            --- errmin	  Mw  0.202   fc  0.930   t_star  0.027   Qo   293.4   Mo 1.713e+14   bsd 6.281e-01   ra  356.190   hyp_dist     nan   az     nan   Er       nan 
            --- errmax	  Mw  0.151   fc  2.509   t_star  0.024   Qo   923.2   Mo 2.341e+14   bsd 1.506e+01   ra  668.895   hyp_dist     nan   az     nan   Er       nan 
   ES.EGOR..HHH broadb	  Mw  3.980   fc  1.283   t_star  0.041   Qo   287.4   Mo 1.176e+15   bsd 8.634e-01   ra  841.476   hyp_dist  38.042   az 255.011   Er 1.521e+10 
            --- errmin	  Mw  0.211   fc  0.752   t_star  0.021   Qo    98.4   Mo 6.081e+14   bsd 8.337e-01   ra  523.625   hyp_dist     nan   az     nan   Er       nan 
            --- errmax	  Mw  0.126   fc  2.114   t_star  0.021   Qo   311.8   Mo 6.442e+14   bsd 2.393e+01   ra 1188.973   hyp_dist     nan   az     nan   Er       nan 
   ES.ELGU..HHH broadb	  Mw  4.064   fc  1.948   t_star  0.036   Qo   313.8   Mo 1.572e+15  *bsd 4.036e+00   ra  554.413   hyp_dist  37.520   az 169.992   Er 8.768e+10 
            --- errmin	  Mw  0.209   fc  0.976   t_star  0.019   Qo    97.2   Mo 8.077e+14  *bsd 3.792e+00   ra  313.746   hyp_dist     nan   az     nan   Er       nan 
            --- errmax	  Mw  0.157   fc  2.539   t_star  0.016   Qo   344.7   Mo 1.128e+15  *bsd 8.070e+01   ra  556.927   hyp_dist     nan   az     nan   Er       nan 
 ES.ELOR.00.HHH broadb	  Mw  4.318   fc  0.846   t_star  0.105   Qo   521.8   Mo 3.775e+15   bsd 7.927e-01   ra 1277.173   hyp_dist 179.776   az  73.631  *Er       nan 
            --- errmin	  Mw  0.145   fc  0.383   t_star  0.047   Qo   154.1   Mo 1.485e+15   bsd 7.139e-01   ra  640.031   hyp_dist     nan   az     nan  *Er       nan 
            --- errmax	  Mw  0.096   fc  0.849   t_star  0.044   Qo   417.5   Mo 1.493e+15   bsd 8.118e+00   ra 1056.257   hyp_dist     nan   az     nan  *Er       nan 
   ES.EMIJ..HHH broadb	  Mw  3.841   fc  1.170   t_star  0.073   Qo   518.1   Mo 7.258e+14   bsd 4.035e-01   ra  923.231   hyp_dist 118.853   az 233.985   Er 3.749e+09 
            --- errmin	  Mw  0.190   fc  0.662   t_star  0.033   Qo   162.4   Mo 3.494e+14   bsd 3.864e-01   ra  557.951   hyp_dist     nan   az     nan   Er       nan 
            --- errmax	  Mw  0.143   fc  1.787   t_star  0.033   Qo   435.4   Mo 4.618e+14   bsd 1.026e+01   ra 1203.568   hyp_dist     nan   az     nan   Er       nan 
   ES.EMIN..HHH broadb	  Mw  3.334   fc  1.344   t_star  0.041  *Qo  1747.5   Mo 1.260e+14   bsd 1.063e-01   ra  803.355   hyp_dist 270.436   az 284.399   Er 1.796e+08 
            --- errmin	  Mw  0.280   fc  0.761   t_star  0.021  *Qo   573.0   Mo 7.818e+13   bsd 1.030e-01   ra  485.504   hyp_dist     nan   az     nan   Er       nan 
            --- errmax	  Mw  0.168   fc  2.053   t_star  0.020  *Qo  1895.8   Mo 9.932e+13   bsd 2.964e+00   ra 1047.292   hyp_dist     nan   az     nan   Er       nan 
   ES.EMUR..HHH broadb	  Mw  4.236   fc  0.584   t_star  0.112   Qo   580.1   Mo 2.843e+15   bsd 1.962e-01   ra 1850.647   hyp_dist 228.814   az  71.067   Er 1.961e+10 
            --- errmin	  Mw  0.089   fc  0.353   t_star  0.047   Qo   167.5   Mo 7.554e+14   bsd 1.873e-01   ra 1213.505   hyp_dist     nan   az     nan   Er       nan 
            --- errmax	  Mw  0.045   fc  1.111   t_star  0.045   Qo   416.5   Mo 4.747e+14   bsd 5.415e+00   ra 2826.792   hyp_dist     nan   az     nan   Er       nan 
   ES.ENIJ..HHH broadb	  Mw  3.738   fc  1.066   t_star  0.078   Qo   512.3   Mo 5.089e+14   bsd 2.142e-01   ra 1012.928   hyp_dist 135.110   az 100.314   Er 1.611e+09 
            --- errmin	  Mw  0.159   fc  0.603   t_star  0.036   Qo   157.2   Mo 2.152e+14   bsd 2.041e-01   ra  612.159   hyp_dist     nan   az     nan   Er       nan 
            --- errmax	  Mw  0.106   fc  1.629   t_star  0.035   Qo   435.7   Mo 2.253e+14   bsd 4.776e+00   ra 1320.502   hyp_dist     nan   az     nan   Er       nan 
   ES.EQTA..HHH broadb	  Mw  4.041   fc  1.225   t_star  0.006   Qo  1117.8   Mo 1.451e+15   bsd 9.268e-01   ra  881.406   hyp_dist  23.454   az  88.208   Er 1.798e+10 
            --- errmin	  Mw  0.213   fc  0.693   t_star  0.004   Qo   331.2   Mo 7.548e+14   bsd 8.905e-01   ra  532.674   hyp_dist     nan   az     nan   Er       nan 
            --- errmax	  Mw  0.106   fc  1.872   t_star  0.003   Qo  1917.5   Mo 6.439e+14   bsd 2.068e+01   ra 1149.043   hyp_dist     nan   az     nan   Er       nan 
   ES.ESPR..HHH broadb	  Mw  4.348   fc  0.335   t_star  0.066   Qo   828.9   Mo 4.190e+15   bsd 5.450e-02  *ra 3228.006   hyp_dist 195.398   az 259.840   Er 3.255e+09 
            --- errmin	  Mw  0.170   fc  0.196   t_star  0.035   Qo   269.7   Mo 1.862e+15   bsd 5.234e-02  *ra 2008.692   hyp_dist     nan   az     nan   Er       nan 
            --- errmax	  Mw  0.113   fc  0.551   t_star  0.032   Qo   907.4   Mo 2.009e+15   bsd 1.442e+00  *ra 4561.047   hyp_dist     nan   az     nan   Er       nan 
   ES.ETOB..HHH broadb	  Mw  4.093   fc  1.066   t_star  0.084   Qo   844.1   Mo 1.739e+15   bsd 7.319e-01   ra 1012.928   hyp_dist 248.098   az  49.032   Er 1.763e+10 
            --- errmin	  Mw  0.138   fc  0.581   t_star  0.039   Qo   260.4   Mo 6.578e+14   bsd 6.891e-01   ra  612.159   hyp_dist     nan   az     nan   Er       nan 
            --- errmax	  Mw  0.138   fc  1.629   t_star  0.037   Qo   725.3   Mo 1.058e+15   bsd 1.828e+01   ra 1214.791   hyp_dist     nan   az     nan   Er       nan 
   ES.EZAR..HHH broadb	  Mw  4.672   fc  0.442   t_star  0.089   Qo   645.9  *Mo 1.281e+16   bsd 3.838e-01  *ra 2444.156   hyp_dist 192.502   az  66.440   Er 6.763e+10 
            --- errmin	  Mw  0.179   fc  0.275   t_star  0.041   Qo   204.8  *Mo 5.896e+15   bsd 3.726e-01  *ra 1602.680   hyp_dist     nan   az     nan   Er       nan 
            --- errmax	  Mw  0.119   fc  0.842   t_star  0.041   Qo   560.1  *Mo 6.514e+15   bsd 1.380e+01  *ra 4026.491   hyp_dist     nan   az     nan   Er       nan 
   ES.TLOR..HHH broadb	 *Mw  4.806   fc  0.367   t_star  0.033   Qo  1596.6  *Mo 2.035e+16   bsd 3.495e-01  *ra 2942.157   hyp_dist 185.070   az  73.503   Er 1.047e+11 
            --- errmin	 *Mw  0.145   fc  0.222   t_star  0.019   Qo   549.8  *Mo 8.037e+15   bsd 3.364e-01  *ra 1830.817   hyp_dist     nan   az     nan   Er       nan 
            --- errmax	 *Mw  0.073   fc  0.605   t_star  0.017   Qo  2079.5  *Mo 5.812e+15   bsd 7.988e+00  *ra 4494.032   hyp_dist     nan   az     nan   Er       nan 
  ES.UMV15..EHH shortp	  Mw  4.139   fc  2.823   t_star  0.032   Qo    88.3   Mo 2.031e+15  *bsd 1.587e+01   ra  382.613   hyp_dist   7.651   az 285.050  *Er 4.919e+11 
            --- errmin	  Mw  0.247   fc  1.414   t_star  0.016   Qo    29.7   Mo 1.166e+15  *bsd 1.503e+01   ra  208.642   hyp_dist     nan   az     nan  *Er       nan 
            --- errmax	  Mw  0.198   fc  3.385   t_star  0.016   Qo    90.2   Mo 1.988e+15  *bsd 3.181e+02   ra  384.348   hyp_dist     nan   az     nan  *Er       nan 

*** Average source parameters ***
*** Note: averages computed after removing outliers ****
Mw: 3.99 +/- 0.31
Mw (weighted): 4.07 +/- 0.27
Mo: 1.037e+15 /- 6.231e+14 /+ 1.560e+15 N·m
Mo (weighted): 1.439e+15 /- 8.150e+14 /+ 1.880e+15 N·m
fc: 1.117 /- 0.507 /+ 0.928 Hz
fc (weighted): 1.215 /- 0.532 /+ 0.947 Hz
t_star: 0.062 +/- 0.030 s
t_star (weighted): 0.016 +/- 0.020 s
Qo: 670.9 +/- 362.5
Qo (weighted): 223.7 +/- 213.1
Source radius: 778.905 /- 253.643 /+ 376.123 m
Source radius (weighted): 754.245 /- 246.660 /+ 366.524 m
Brune stress drop: 5.003e-01 /- 3.117e-01 /+ 8.268e-01 MPa
Brune stress drop (weighted): 5.511e-01 /- 3.369e-01 /+ 8.666e-01 MPa
Ml: 4.245 +/- 0.340
Er: 1.071e+10 /- 8.625e+09 /+ 4.427e+10 N·m

*** SourceSpec: 1.7
*** Run completed on: 2025-02-03 14:40:13.366706 CET
*** Author: SurfQuakeCore <https://projectisp.github.io/ISP_tutorial.github.io/>
*** Agency: Spanish Navy Observatory (ROA) - https://armada.defensa.gob.es/ArmadaPortal/page/Portal/ArmadaEspannola/cienciaobservatorio/prefLang-es/02InfoGeneral