*** Note: this file is deprecated and might not contain all the output information. ***
*** It will be removed in future versions of SourceSpec. ***
*** Please look at the YAML file in this directory. ***
9b47bcb8-aed5-4b37-b2b3-7ee703b9439e lon    1.437 lat  42.517 depth   0.0 km orig_time 2022-02-01T02:03:00.876284Z

*** Station source parameters ***
*** Note: outliers are prepended by a star (*) symbol ***
   CA.ARBS..HHH broadb	  Mw  3.490   fc  1.212   t_star  0.000  *Qo     inf   Mo 2.166e+14   bsd 7.615e-02   ra 1075.559   hyp_dist  12.107   az 138.976   Er 1.143e+08 
            --- errmin	  Mw  0.085   fc  0.315   t_star  0.014  *Qo     inf   Mo 5.533e+13   bsd 5.319e-02   ra  222.010   hyp_dist     nan   az     nan   Er       nan 
            --- errmax	  Mw  0.085   fc  0.315   t_star  0.014  *Qo    -inf   Mo 7.432e+13   bsd 1.285e-01   ra  378.101   hyp_dist     nan   az     nan   Er       nan 
   CA.CEST..HHH broadb	  Mw  3.598   fc  9.256   t_star  0.087   Qo    51.7   Mo 3.143e+14   bsd 4.925e+01   ra  140.815   hyp_dist  17.627   az 301.233   Er 1.196e+11 
            --- errmin	  Mw  0.054   fc 11.026   t_star  0.046   Qo    18.0   Mo 5.334e+13   bsd 4.922e+01   ra   76.550   hyp_dist     nan   az     nan   Er       nan 
            --- errmax	  Mw  0.054   fc 11.026   t_star  0.046   Qo    59.4   Mo 6.424e+13   bsd 5.748e+02   ra 1489.250   hyp_dist     nan   az     nan   Er       nan 
   CA.CORG..HHH broadb	  Mw  3.585   fc  2.467   t_star  0.040   Qo   254.8   Mo 3.001e+14   bsd 8.906e-01   ra  528.246   hyp_dist  33.471   az 197.317   Er 2.058e+09 
            --- errmin	  Mw  0.031   fc  0.562   t_star  0.018   Qo    79.0   Mo 3.073e+13   bsd 5.224e-01   ra   97.984   hyp_dist     nan   az     nan   Er       nan 
            --- errmax	  Mw  0.031   fc  0.562   t_star  0.018   Qo   207.8   Mo 3.424e+13   bsd 9.456e-01   ra  155.773   hyp_dist     nan   az     nan   Er       nan 
   CA.CSOR..HHH broadb	  Mw  3.768   fc 15.586   t_star  0.075   Qo   108.8   Mo 5.643e+14  *bsd 4.221e+02   ra   83.629   hyp_dist  29.644   az 237.843  *Er 1.814e+12 
            --- errmin	  Mw  0.052   fc 30.222   t_star  0.036   Qo    35.1   Mo 9.296e+13  *bsd 4.220e+02   ra   55.175   hyp_dist     nan   az     nan  *Er       nan 
            --- errmax	  Mw  0.052   fc 30.222   t_star  0.036   Qo    99.2   Mo 1.113e+14  *bsd 1.241e+04   ra 1546.436   hyp_dist     nan   az     nan  *Er       nan 
 FR.CARF.00.HHH broadb	  Mw  3.537   fc  2.066   t_star  0.000  *Qo     inf   Mo 2.542e+14   bsd 4.429e-01   ra  630.884   hyp_dist  59.030   az  67.876   Er 9.267e+08 
            --- errmin	  Mw  0.076   fc  0.890   t_star  0.033  *Qo     inf   Mo 5.836e+13   bsd 3.799e-01   ra  189.877   hyp_dist     nan   az     nan   Er       nan 
            --- errmax	  Mw  0.076   fc  0.890   t_star  0.033  *Qo    -inf   Mo 7.576e+13   bsd 1.240e+00   ra  477.006   hyp_dist     nan   az     nan   Er       nan 
 FR.FNEB.00.HHH broadb	  Mw  4.075   fc  0.589   t_star  0.000  *Qo     inf  *Mo 1.633e+15   bsd 6.593e-02  *ra 2212.940   hyp_dist  69.627   az  51.718   Er 5.896e+08 
            --- errmin	  Mw  0.297   fc  0.367   t_star  0.016  *Qo     inf  *Mo 1.048e+15   bsd 6.466e-02  *ra  849.080   hyp_dist     nan   az     nan   Er       nan 
            --- errmax	  Mw  0.297   fc  0.367   t_star  0.016  *Qo    -inf  *Mo 2.926e+15   bsd 7.202e-01  *ra 3650.031   hyp_dist     nan   az     nan   Er       nan 
 FR.GENF.00.HHH broadb	  Mw  3.447   fc  2.817   t_star  0.023   Qo   415.2   Mo 1.862e+14   bsd 8.221e-01   ra  462.769   hyp_dist  35.822   az  17.971   Er 1.210e+09 
            --- errmin	  Mw  0.038   fc  0.995   t_star  0.028   Qo   226.8   Mo 2.315e+13   bsd 6.275e-01   ra  120.835   hyp_dist     nan   az     nan   Er       nan 
            --- errmax	  Mw  0.038   fc  0.995   t_star  0.028   Qo  9118.5   Mo 2.643e+13   bsd 1.505e+00   ra  252.914   hyp_dist     nan   az     nan   Er       nan 
 FR.PAND.00.HHH broadb	  Mw  3.801  *fc 31.155   t_star  0.078   Qo    31.8   Mo 6.322e+14  *bsd 3.777e+03   ra   41.835   hyp_dist   9.169   az  85.033  *Er 3.682e+13 
            --- errmin	  Mw  0.132  *fc 466.421   t_star  0.082   Qo    16.3   Mo 2.314e+14  *bsd 3.777e+03   ra   39.216   hyp_dist     nan   az     nan  *Er       nan 
            --- errmax	  Mw  0.132  *fc 466.421   t_star  0.082   Qo  2451.9   Mo 3.651e+14  *bsd 2.427e+07   ra 1588.229   hyp_dist     nan   az     nan  *Er       nan 

*** Average source parameters ***
*** Note: averages computed after removing outliers ****
Mw: 3.66 +/- 0.19
Mw (weighted): 3.58 +/- 0.11
Mo: 3.202e+14 /- 1.117e+14 /+ 1.715e+14 N·m
Mo (weighted): 2.889e+14 /- 8.616e+13 /+ 1.228e+14 N·m
fc: 2.837 /- 1.837 /+ 5.214 Hz
fc (weighted): 1.940 /- 0.727 /+ 1.163 Hz
t_star: 0.038 +/- 0.035 s
t_star (weighted): 0.017 +/- 0.025 s
Qo: 172.5 +/- 144.3
Qo (weighted): 75.7 +/- 48.4
Source radius: 260.644 /- 174.815 /+ 530.879 m
Source radius (weighted): 639.557 /- 217.590 /+ 329.792 m
Brune stress drop: 6.567e-01 /- 5.834e-01 /+ 5.230e+00 MPa
Brune stress drop (weighted): 4.446e-01 /- 3.062e-01 /+ 9.834e-01 MPa
Ml: 3.476 +/- 0.203
Er: 1.628e+09 /- 1.433e+09 /+ 1.196e+10 N·m

*** SourceSpec: 1.7
*** Run completed on: 2024-02-24 13:44:33.829096 CET
*** Author: SurfQuakeCore <https://projectisp.github.io/ISP_tutorial.github.io/>
*** Agency: Spanish Navy Observatory (ROA) - https://armada.defensa.gob.es/ArmadaPortal/page/Portal/ArmadaEspannola/cienciaobservatorio/prefLang-es/02InfoGeneral