*** Note: this file is deprecated and might not contain all the output information. ***
*** It will be removed in future versions of SourceSpec. ***
*** Please look at the YAML file in this directory. ***
8b905afd-7adb-487d-a238-544a12a55589 lon    1.420 lat  42.526 depth   0.0 km orig_time 2022-02-01T02:10:10.374876Z

*** Station source parameters ***
*** Note: outliers are prepended by a star (*) symbol ***
   CA.CEST..HHH broadb	  Mw  1.915   fc 10.333   t_star  0.015   Qo   314.6   Mo 9.392e+11   bsd 2.047e-01   ra  126.137   hyp_dist  15.888   az 300.542   Er 1.456e+06 
            --- errmin	  Mw  0.065   fc 15.642   t_star  0.052   Qo   245.6   Mo 1.900e+11   bsd 2.047e-01   ra   75.959   hyp_dist     nan   az     nan   Er       nan 
            --- errmax	  Mw  0.065   fc 15.642   t_star  0.052   Qo  4270.5   Mo 2.382e+11   bsd 3.872e+00   ra 1503.928   hyp_dist     nan   az     nan   Er       nan 
   CA.CSOR..HHH broadb	  Mw  2.082   fc 11.329   t_star  0.021   Qo   402.4   Mo 1.669e+12   bsd 4.795e-01   ra  115.054   hyp_dist  29.078   az 234.587   Er 6.453e+06 
            --- errmin	  Mw  0.070   fc 19.073   t_star  0.051   Qo   286.6   Mo 3.582e+11   bsd 4.793e-01   ra   72.182   hyp_dist     nan   az     nan   Er       nan 
            --- errmax	  Mw  0.070   fc 19.073   t_star  0.051   Qo  7972.7   Mo 4.561e+11   bsd 1.132e+01   ra 1515.010   hyp_dist     nan   az     nan   Er       nan 
 FR.GENF.00.HHH broadb	  Mw  1.811   fc  6.713   t_star  0.015   Qo   676.6   Mo 6.561e+11   bsd 3.921e-02   ra  194.170   hyp_dist  35.278   az  20.651   Er 2.002e+05 
            --- errmin	  Mw  0.109   fc 14.599   t_star  0.119   Qo   603.4   Mo 2.059e+11   bsd 3.916e-02   ra  133.012   hyp_dist     nan   az     nan   Er       nan 
            --- errmax	  Mw  0.109   fc 14.599   t_star  0.119   Qo  9138.5   Mo 3.000e+11   bsd 1.789e+00   ra 1435.894   hyp_dist     nan   az     nan   Er       nan 
 FR.PAND.00.HHH broadb	  Mw  2.114   fc 19.425  *t_star  0.004   Qo   599.1   Mo 1.864e+12   bsd 2.700e+00   ra   67.098   hyp_dist  10.510   az  91.583  *Er 3.877e+07 
            --- errmin	  Mw  0.054   fc 54.432  *t_star  0.036   Qo   533.5   Mo 3.196e+11   bsd 2.700e+00   ra   49.450   hyp_dist     nan   az     nan  *Er       nan 
            --- errmax	  Mw  0.054   fc 54.432  *t_star  0.036   Qo  2046.0   Mo 3.858e+11   bsd 1.764e+02   ra 1562.967   hyp_dist     nan   az     nan  *Er       nan 
 FR.SALF.00.HHH broadb	  Mw  1.670   fc 29.361  *t_star  0.040   Qo   223.4   Mo 4.026e+11   bsd 2.013e+00   ra   44.392   hyp_dist  32.102   az 323.729   Er 7.508e+06 
            --- errmin	  Mw  0.061   fc 169.489  *t_star  0.036   Qo   105.9   Mo 7.628e+10   bsd 2.013e+00   ra   37.837   hyp_dist     nan   az     nan   Er       nan 
            --- errmax	  Mw  0.061   fc 169.489  *t_star  0.036   Qo  2048.3   Mo 9.410e+10   bsd 7.696e+02   ra 1585.673   hyp_dist     nan   az     nan   Er       nan 

*** Average source parameters ***
*** Note: averages computed after removing outliers ****
Mw: 1.92 +/- 0.17
Mw (weighted): 1.94 +/- 0.18
Mo: 9.496e+11 /- 4.146e+11 /+ 7.360e+11 N·m
Mo (weighted): 1.017e+12 /- 4.657e+11 /+ 8.592e+11 N·m
fc: 13.499 /- 5.434 /+ 9.095 Hz
fc (weighted): 12.561 /- 4.775 /+ 7.703 Hz
t_star: 0.017 +/- 0.003 s
t_star (weighted): 0.017 +/- 0.003 s
Qo: 443.2 +/- 170.5
Qo (weighted): 378.7 +/- 176.1
Source radius: 96.558 /- 38.869 /+ 65.057 m
Source radius (weighted): 114.544 /- 42.172 /+ 66.747 m
Brune stress drop: 4.615e-01 /- 3.636e-01 /+ 1.715e+00 MPa
Brune stress drop (weighted): 3.016e-01 /- 2.353e-01 /+ 1.070e+00 MPa
Ml: 0.997 +/- 0.676
Er: 1.939e+06 /- 1.488e+06 /+ 6.402e+06 N·m

*** SourceSpec: 1.7
*** Run completed on: 2024-02-24 13:45:19.708515 CET
*** Author: SurfQuakeCore <https://projectisp.github.io/ISP_tutorial.github.io/>
*** Agency: Spanish Navy Observatory (ROA) - https://armada.defensa.gob.es/ArmadaPortal/page/Portal/ArmadaEspannola/cienciaobservatorio/prefLang-es/02InfoGeneral