*** Note: this file is deprecated and might not contain all the output information. ***
*** It will be removed in future versions of SourceSpec. ***
*** Please look at the YAML file in this directory. ***
a21ace4e-e246-4f83-bb41-64e93ac17410 lon    1.513 lat  42.526 depth   0.0 km orig_time 2022-02-01T02:15:50.539514Z

*** Station source parameters ***
*** Note: outliers are prepended by a star (*) symbol ***
 FR.FNEB.00.HHH broadb	  Mw  2.082   fc  0.965   t_star  0.100   Qo   191.0   Mo 1.674e+12   bsd 2.970e-04   ra 1350.992   hyp_dist  64.182   az  49.008   Er 6.393e+02 
            --- errmin	  Mw  0.282   fc  1.057   t_star  0.082   Qo    86.3   Mo 1.043e+12   bsd 2.332e-04   ra  706.182   hyp_dist     nan   az     nan   Er       nan 
            --- errmax	  Mw  0.282   fc  1.057   t_star  0.082   Qo   896.4   Mo 2.766e+12   bsd 6.948e-03   ra  279.073   hyp_dist     nan   az     nan   Er       nan 

*** Average source parameters ***
*** Note: averages computed after removing outliers ****
Mw: 2.08 +/- 0.00
Mw (weighted): 2.08 +/- 0.00
Mo: 1.674e+12 +/- 0.000e+00 N·m
Mo (weighted): 1.674e+12 +/- 0.000e+00 N·m
fc: 0.965 +/- 0.000 Hz
fc (weighted): 0.965 +/- 0.000 Hz
t_star: 0.100 +/- 0.000 s
t_star (weighted): 0.100 +/- 0.000 s
Qo: 191.0 +/- 0.0
Qo (weighted): 191.0 +/- 0.0
Source radius: 1350.992 +/- 0.000 m
Source radius (weighted): 1350.992 +/- 0.000 m
Brune stress drop: 2.970e-04 +/- 0.000e+00 MPa
Brune stress drop (weighted): 2.970e-04 +/- 0.000e+00 MPa
Ml: 0.811 +/- 0.000
Er: 6.393e+02 +/- 0.000e+00 N·m

*** SourceSpec: 1.7
*** Run completed on: 2024-02-24 13:46:05.749591 CET
*** Author: SurfQuakeCore <https://projectisp.github.io/ISP_tutorial.github.io/>
*** Agency: Spanish Navy Observatory (ROA) - https://armada.defensa.gob.es/ArmadaPortal/page/Portal/ArmadaEspannola/cienciaobservatorio/prefLang-es/02InfoGeneral